  [1m[35m (128.7ms)[0m  [1m[35mCREATE TABLE "schema_migrations" ("version" character varying NOT NULL PRIMARY KEY)[0m
  [1m[35m (174.7ms)[0m  [1m[35mCREATE TABLE "ar_internal_metadata" ("key" character varying NOT NULL PRIMARY KEY, "value" character varying, "created_at" timestamp NOT NULL, "updated_at" timestamp NOT NULL)[0m
  [1m[35m (0.4ms)[0m  [1m[34mSELECT pg_try_advisory_lock(5311777886370159855)[0m
  [1m[35m (0.7ms)[0m  [1m[34mSELECT "schema_migrations"."version" FROM "schema_migrations" ORDER BY "schema_migrations"."version" ASC[0m
Migrating to CreateUsers (20180502180439)
  [1m[35m (0.4ms)[0m  [1m[35mBEGIN[0m
  [1m[35m (71.7ms)[0m  [1m[35mCREATE TABLE "users" ("id" bigserial primary key, "name" character varying, "email" character varying, "nationality_no" character varying, "birth_date" timestamp, "created_at" timestamp NOT NULL, "updated_at" timestamp NOT NULL)[0m
  [1m[35mSQL (1.1ms)[0m  [1m[32mINSERT INTO "schema_migrations" ("version") VALUES ($1) RETURNING "version"[0m  [["version", "20180502180439"]]
  [1m[35m (12.2ms)[0m  [1m[35mCOMMIT[0m
  [1m[36mActiveRecord::InternalMetadata Load (1.8ms)[0m  [1m[34mSELECT  "ar_internal_metadata".* FROM "ar_internal_metadata" WHERE "ar_internal_metadata"."key" = $1 LIMIT $2[0m  [["key", "environment"], ["LIMIT", 1]]
  [1m[35m (0.6ms)[0m  [1m[35mBEGIN[0m
  [1m[35mSQL (0.9ms)[0m  [1m[32mINSERT INTO "ar_internal_metadata" ("key", "value", "created_at", "updated_at") VALUES ($1, $2, $3, $4) RETURNING "key"[0m  [["key", "environment"], ["value", "development"], ["created_at", "2018-05-03 06:49:18.645959"], ["updated_at", "2018-05-03 06:49:18.645959"]]
  [1m[35m (5.1ms)[0m  [1m[35mCOMMIT[0m
  [1m[35m (0.5ms)[0m  [1m[34mSELECT pg_advisory_unlock(5311777886370159855)[0m
  [1m[35m (0.7ms)[0m  [1m[34mSELECT "schema_migrations"."version" FROM "schema_migrations" ORDER BY "schema_migrations"."version" ASC[0m
  [1m[35m (1.1ms)[0m  [1m[34mSELECT "schema_migrations"."version" FROM "schema_migrations" ORDER BY "schema_migrations"."version" ASC[0m
  [1m[35m (0.8ms)[0m  [1m[34mSELECT "schema_migrations"."version" FROM "schema_migrations" ORDER BY "schema_migrations"."version" ASC[0m
  [1m[35m (1.5ms)[0m  [1m[34mSELECT "schema_migrations"."version" FROM "schema_migrations" ORDER BY "schema_migrations"."version" ASC[0m
  [1m[35m (0.5ms)[0m  [1m[35mBEGIN[0m
  [1m[35mSQL (1.4ms)[0m  [1m[32mINSERT INTO "users" ("name", "email", "nationality_no", "birth_date", "created_at", "updated_at") VALUES ($1, $2, $3, $4, $5, $6) RETURNING "id"[0m  [["name", "Dr. Tate Marlene Gleason"], ["email", "alexie_luettgen@brown.name"], ["nationality_no", "20544"], ["birth_date", "1987-05-06 00:00:00"], ["created_at", "2018-05-03 06:59:59.925703"], ["updated_at", "2018-05-03 06:59:59.925703"]]
  [1m[35m (12.3ms)[0m  [1m[35mCOMMIT[0m
  [1m[35m (0.3ms)[0m  [1m[35mBEGIN[0m
  [1m[35mSQL (0.7ms)[0m  [1m[32mINSERT INTO "users" ("name", "email", "nationality_no", "birth_date", "created_at", "updated_at") VALUES ($1, $2, $3, $4, $5, $6) RETURNING "id"[0m  [["name", "Lula Gordon Walsh"], ["email", "kody@keeling.net"], ["nationality_no", "12257"], ["birth_date", "1984-02-19 00:00:00"], ["created_at", "2018-05-03 06:59:59.942652"], ["updated_at", "2018-05-03 06:59:59.942652"]]
  [1m[35m (7.8ms)[0m  [1m[35mCOMMIT[0m
  [1m[35m (0.3ms)[0m  [1m[35mBEGIN[0m
  [1m[35mSQL (0.7ms)[0m  [1m[32mINSERT INTO "users" ("name", "email", "nationality_no", "birth_date", "created_at", "updated_at") VALUES ($1, $2, $3, $4, $5, $6) RETURNING "id"[0m  [["name", "Ramiro Felicia Kirlin"], ["email", "hilario.rempel@rau.com"], ["nationality_no", "47491"], ["birth_date", "1959-07-14 00:00:00"], ["created_at", "2018-05-03 06:59:59.953768"], ["updated_at", "2018-05-03 06:59:59.953768"]]
  [1m[35m (7.9ms)[0m  [1m[35mCOMMIT[0m
  [1m[35m (0.5ms)[0m  [1m[35mBEGIN[0m
  [1m[35mSQL (0.8ms)[0m  [1m[32mINSERT INTO "users" ("name", "email", "nationality_no", "birth_date", "created_at", "updated_at") VALUES ($1, $2, $3, $4, $5, $6) RETURNING "id"[0m  [["name", "Miss Nigel Dillon Ortiz"], ["email", "tyrique@ratke.name"], ["nationality_no", "76819"], ["birth_date", "1994-03-01 00:00:00"], ["created_at", "2018-05-03 06:59:59.966849"], ["updated_at", "2018-05-03 06:59:59.966849"]]
  [1m[35m (4.1ms)[0m  [1m[35mCOMMIT[0m
  [1m[35m (0.5ms)[0m  [1m[35mBEGIN[0m
  [1m[35mSQL (0.8ms)[0m  [1m[32mINSERT INTO "users" ("name", "email", "nationality_no", "birth_date", "created_at", "updated_at") VALUES ($1, $2, $3, $4, $5, $6) RETURNING "id"[0m  [["name", "Linda Brandy Weber"], ["email", "webster.haag@stoltenberg.net"], ["nationality_no", "76474"], ["birth_date", "1993-07-26 00:00:00"], ["created_at", "2018-05-03 06:59:59.977854"], ["updated_at", "2018-05-03 06:59:59.977854"]]
  [1m[35m (4.5ms)[0m  [1m[35mCOMMIT[0m
  [1m[35m (0.4ms)[0m  [1m[35mBEGIN[0m
  [1m[35mSQL (0.8ms)[0m  [1m[32mINSERT INTO "users" ("name", "email", "nationality_no", "birth_date", "created_at", "updated_at") VALUES ($1, $2, $3, $4, $5, $6) RETURNING "id"[0m  [["name", "Aletha Giovanna Bergnaum"], ["email", "daron_walter@heidenreich.com"], ["nationality_no", "61842"], ["birth_date", "1998-07-30 00:00:00"], ["created_at", "2018-05-03 06:59:59.988683"], ["updated_at", "2018-05-03 06:59:59.988683"]]
  [1m[35m (5.0ms)[0m  [1m[35mCOMMIT[0m
  [1m[35m (0.4ms)[0m  [1m[35mBEGIN[0m
  [1m[35mSQL (0.6ms)[0m  [1m[32mINSERT INTO "users" ("name", "email", "nationality_no", "birth_date", "created_at", "updated_at") VALUES ($1, $2, $3, $4, $5, $6) RETURNING "id"[0m  [["name", "Rashawn Claire Gulgowski"], ["email", "emmett.goldner@wilkinson.info"], ["nationality_no", "31599"], ["birth_date", "1957-08-22 00:00:00"], ["created_at", "2018-05-03 06:59:59.999408"], ["updated_at", "2018-05-03 06:59:59.999408"]]
  [1m[35m (6.2ms)[0m  [1m[35mCOMMIT[0m
  [1m[35m (0.4ms)[0m  [1m[35mBEGIN[0m
  [1m[35mSQL (1.0ms)[0m  [1m[32mINSERT INTO "users" ("name", "email", "nationality_no", "birth_date", "created_at", "updated_at") VALUES ($1, $2, $3, $4, $5, $6) RETURNING "id"[0m  [["name", "Mrs. Brooklyn Roel Jacobs"], ["email", "morgan_towne@ebert.net"], ["nationality_no", "70717"], ["birth_date", "1991-03-19 00:00:00"], ["created_at", "2018-05-03 07:00:00.009763"], ["updated_at", "2018-05-03 07:00:00.009763"]]
  [1m[35m (6.8ms)[0m  [1m[35mCOMMIT[0m
  [1m[35m (0.6ms)[0m  [1m[35mBEGIN[0m
  [1m[35mSQL (1.1ms)[0m  [1m[32mINSERT INTO "users" ("name", "email", "nationality_no", "birth_date", "created_at", "updated_at") VALUES ($1, $2, $3, $4, $5, $6) RETURNING "id"[0m  [["name", "Elissa Kelli Aufderhar"], ["email", "caandra_witting@anderson.info"], ["nationality_no", "28647"], ["birth_date", "1958-12-18 00:00:00"], ["created_at", "2018-05-03 07:00:00.022746"], ["updated_at", "2018-05-03 07:00:00.022746"]]
  [1m[35m (3.6ms)[0m  [1m[35mCOMMIT[0m
  [1m[35m (0.6ms)[0m  [1m[35mBEGIN[0m
  [1m[35mSQL (1.1ms)[0m  [1m[32mINSERT INTO "users" ("name", "email", "nationality_no", "birth_date", "created_at", "updated_at") VALUES ($1, $2, $3, $4, $5, $6) RETURNING "id"[0m  [["name", "Anabelle Marlene Oberbrunner V"], ["email", "ezequiel@heathcote.io"], ["nationality_no", "20727"], ["birth_date", "1987-04-03 00:00:00"], ["created_at", "2018-05-03 07:00:00.033088"], ["updated_at", "2018-05-03 07:00:00.033088"]]
  [1m[35m (4.8ms)[0m  [1m[35mCOMMIT[0m
  [1m[36mUser Load (1.0ms)[0m  [1m[34mSELECT  "users".* FROM "users" LIMIT $1[0m  [["LIMIT", 11]]
  [1m[35m (1.3ms)[0m  [1m[34mSELECT COUNT(*) FROM "users"[0m
